<?xml version="1.0" encoding="UTF-8"?>
<!-- Generated by org.testng.reporters.JUnitXMLReporter -->
<testsuite ignored="2" hostname="BDC11-L-BWRFXD3" failures="1" tests="1" name="Test1" time="13.48" errors="0" timestamp="2024-07-29T12:55:36 IST">
  <testcase classname="com.hyr.screenshots.TestClass" name="TestGoogle" time="4.529">
    <failure type="java.lang.AssertionError" message="Title is mismatched expected [HYR Tutorials - Google Search] but found []">
      <![CDATA[java.lang.AssertionError: Title is mismatched expected [HYR Tutorials - Google Search] but found []
at com.hyr.screenshots.TestClass.TestGoogle(TestClass.java:18)
at java.base/java.util.ArrayList.forEach(ArrayList.java:1511)
... Removed 32 stack frames]]>
    </failure>
  </testcase> <!-- TestGoogle -->
  <testcase classname="com.hyr.screenshots.TestClass" name="TestOrangeHRM" time="0.0">
    <ignored/>
  </testcase> <!-- TestOrangeHRM -->
  <testcase classname="com.hyr.screenshots.TestClass" name="TestFacebook" time="0.0">
    <ignored/>
  </testcase> <!-- TestFacebook -->
</testsuite> <!-- Test1 -->
