<?xml version="1.0" encoding="UTF-8"?>
<testng-results ignored="0" total="1" passed="1" failed="0" skipped="0">
  <reporter-output>
  </reporter-output>
  <suite started-at="2024-07-23T22:42:56 IST" name="Default suite" finished-at="2024-07-23T22:42:56 IST" duration-ms="92">
    <groups>
    </groups>
    <test started-at="2024-07-23T22:42:56 IST" name="Default test" finished-at="2024-07-23T22:42:56 IST" duration-ms="92">
      <class name="com.hyr.Test.AnnotationsTest">
        <test-method is-config="true" signature="beforeSuite()[pri:0, instance:com.hyr.Test.AnnotationsTest@40a4337a]" started-at="2024-07-23T22:42:56 IST" name="beforeSuite" finished-at="2024-07-23T22:42:56 IST" duration-ms="16" status="PASS">
          <reporter-output>
          </reporter-output>
        </test-method> <!-- beforeSuite -->
        <test-method is-config="true" signature="beforeTest()[pri:0, instance:com.hyr.Test.AnnotationsTest@40a4337a]" started-at="2024-07-23T22:42:56 IST" name="beforeTest" finished-at="2024-07-23T22:42:56 IST" duration-ms="0" status="PASS">
          <reporter-output>
          </reporter-output>
        </test-method> <!-- beforeTest -->
        <test-method is-config="true" signature="beforeClass()[pri:0, instance:com.hyr.Test.AnnotationsTest@40a4337a]" started-at="2024-07-23T22:42:56 IST" name="beforeClass" finished-at="2024-07-23T22:42:56 IST" duration-ms="1" status="PASS">
          <reporter-output>
          </reporter-output>
        </test-method> <!-- beforeClass -->
        <test-method is-config="true" signature="beforeMethod()[pri:0, instance:com.hyr.Test.AnnotationsTest@40a4337a]" started-at="2024-07-23T22:42:56 IST" name="beforeMethod" finished-at="2024-07-23T22:42:56 IST" duration-ms="0" status="PASS">
          <reporter-output>
          </reporter-output>
        </test-method> <!-- beforeMethod -->
        <test-method signature="testmethod1()[pri:0, instance:com.hyr.Test.AnnotationsTest@40a4337a]" started-at="2024-07-23T22:42:56 IST" name="testmethod1" finished-at="2024-07-23T22:42:56 IST" duration-ms="10" status="PASS">
          <reporter-output>
          </reporter-output>
        </test-method> <!-- testmethod1 -->
        <test-method is-config="true" signature="afterMethod()[pri:0, instance:com.hyr.Test.AnnotationsTest@40a4337a]" started-at="2024-07-23T22:42:56 IST" name="afterMethod" finished-at="2024-07-23T22:42:56 IST" duration-ms="1" status="PASS">
          <reporter-output>
          </reporter-output>
        </test-method> <!-- afterMethod -->
        <test-method is-config="true" signature="afterClass()[pri:0, instance:com.hyr.Test.AnnotationsTest@40a4337a]" started-at="2024-07-23T22:42:56 IST" name="afterClass" finished-at="2024-07-23T22:42:56 IST" duration-ms="1" status="PASS">
          <reporter-output>
          </reporter-output>
        </test-method> <!-- afterClass -->
        <test-method is-config="true" signature="afterTest()[pri:0, instance:com.hyr.Test.AnnotationsTest@40a4337a]" started-at="2024-07-23T22:42:56 IST" name="afterTest" finished-at="2024-07-23T22:42:56 IST" duration-ms="0" status="PASS">
          <reporter-output>
          </reporter-output>
        </test-method> <!-- afterTest -->
        <test-method is-config="true" signature="afterSuite()[pri:0, instance:com.hyr.Test.AnnotationsTest@40a4337a]" started-at="2024-07-23T22:42:56 IST" name="afterSuite" finished-at="2024-07-23T22:42:56 IST" duration-ms="1" status="PASS">
          <reporter-output>
          </reporter-output>
        </test-method> <!-- afterSuite -->
      </class> <!-- com.hyr.Test.AnnotationsTest -->
    </test> <!-- Default test -->
  </suite> <!-- Default suite -->
</testng-results>
