<?xml version="1.0" encoding="UTF-8"?>
<testng-results ignored="0" total="2" passed="2" failed="0" skipped="0">
  <reporter-output>
  </reporter-output>
  <suite started-at="2024-07-23T15:07:05 IST" name="Default suite" finished-at="2024-07-23T15:07:35 IST" duration-ms="30074">
    <groups>
    </groups>
    <test started-at="2024-07-23T15:07:05 IST" name="Default test" finished-at="2024-07-23T15:07:35 IST" duration-ms="30074">
      <class name="com.hyr.Test.FirstTest">
        <test-method signature="TestFB()[pri:0, instance:com.hyr.Test.FirstTest@6f1de4c7]" started-at="2024-07-23T15:07:05 IST" name="TestFB" finished-at="2024-07-23T15:07:24 IST" duration-ms="19057" status="PASS">
          <reporter-output>
          </reporter-output>
        </test-method> <!-- TestFB -->
        <test-method signature="TestGoogle()[pri:0, instance:com.hyr.Test.FirstTest@6f1de4c7]" started-at="2024-07-23T15:07:24 IST" name="TestGoogle" finished-at="2024-07-23T15:07:35 IST" duration-ms="10959" status="PASS">
          <reporter-output>
          </reporter-output>
        </test-method> <!-- TestGoogle -->
      </class> <!-- com.hyr.Test.FirstTest -->
    </test> <!-- Default test -->
  </suite> <!-- Default suite -->
</testng-results>
